<?xml version="1.0" encoding="UTF-8"?>
<!-- Generated by org.testng.reporters.JUnitReportReporter -->
<testsuite skipped="0" hostname="Andrews-MBP.local.tld" name="scripts.CarvanaHomePageTest" tests="6" failures="0" timestamp="2023-02-04T15:31:16 CST" time="66.548" errors="0">
  <testcase name="validateTitleAndURL" time="6.416" classname="scripts.CarvanaHomePageTest"/>
  <system-out/>
  <testcase name="validateLogo" time="6.541" classname="scripts.CarvanaHomePageTest"/>
  <system-out/>
  <testcase name="validateMainSectionNavigationItems" time="6.143" classname="scripts.CarvanaHomePageTest"/>
  <system-out/>
  <testcase name="ValidateSignInErrorMessage" time="10.921" classname="scripts.CarvanaHomePageTest"/>
  <system-out/>
  <testcase name="validateFilterOptions" time="13.088" classname="scripts.CarvanaHomePageTest"/>
  <system-out/>
  <testcase name="validateSearchResultTiles" time="23.439" classname="scripts.CarvanaHomePageTest"/>
  <system-out/>
</testsuite> <!-- scripts.CarvanaHomePageTest -->
